-------------------------------------------------------------------------------
Test set: br.com.blueacademy.bluebank.controllers.ClienteControllerTest
-------------------------------------------------------------------------------
Tests run: 6, Failures: 0, Errors: 6, Skipped: 0, Time elapsed: 3.563 s <<< FAILURE! - in br.com.blueacademy.bluebank.controllers.ClienteControllerTest
whenGETFindAllIsCalledThenOkStatusIsReturned  Time elapsed: 0 s  <<< ERROR!
java.lang.IllegalStateException: Failed to load ApplicationContext
Caused by: org.springframework.beans.factory.BeanDefinitionStoreException: Failed to parse configuration class [br.com.blueacademy.bluebank.BluebankApplication]; nested exception is org.springframework.context.annotation.ConflictingBeanDefinitionException: Annotation-specified bean name 'resourceExceptionHandler' for bean class [br.com.blueacademy.bluebank.exceptions.ResourceExceptionHandler] conflicts with existing, non-compatible bean definition of same name and class [br.com.blueacademy.bluebank.controllers.exceptions.ResourceExceptionHandler]
Caused by: org.springframework.context.annotation.ConflictingBeanDefinitionException: Annotation-specified bean name 'resourceExceptionHandler' for bean class [br.com.blueacademy.bluebank.exceptions.ResourceExceptionHandler] conflicts with existing, non-compatible bean definition of same name and class [br.com.blueacademy.bluebank.controllers.exceptions.ResourceExceptionHandler]

whenPOSTIsCalledThenAnClienteIsCreated  Time elapsed: 0 s  <<< ERROR!
java.lang.IllegalStateException: Failed to load ApplicationContext
Caused by: org.springframework.beans.factory.BeanDefinitionStoreException: Failed to parse configuration class [br.com.blueacademy.bluebank.BluebankApplication]; nested exception is org.springframework.context.annotation.ConflictingBeanDefinitionException: Annotation-specified bean name 'resourceExceptionHandler' for bean class [br.com.blueacademy.bluebank.exceptions.ResourceExceptionHandler] conflicts with existing, non-compatible bean definition of same name and class [br.com.blueacademy.bluebank.controllers.exceptions.ResourceExceptionHandler]
Caused by: org.springframework.context.annotation.ConflictingBeanDefinitionException: Annotation-specified bean name 'resourceExceptionHandler' for bean class [br.com.blueacademy.bluebank.exceptions.ResourceExceptionHandler] conflicts with existing, non-compatible bean definition of same name and class [br.com.blueacademy.bluebank.controllers.exceptions.ResourceExceptionHandler]

update  Time elapsed: 0 s  <<< ERROR!
java.lang.IllegalStateException: Failed to load ApplicationContext
Caused by: org.springframework.beans.factory.BeanDefinitionStoreException: Failed to parse configuration class [br.com.blueacademy.bluebank.BluebankApplication]; nested exception is org.springframework.context.annotation.ConflictingBeanDefinitionException: Annotation-specified bean name 'resourceExceptionHandler' for bean class [br.com.blueacademy.bluebank.exceptions.ResourceExceptionHandler] conflicts with existing, non-compatible bean definition of same name and class [br.com.blueacademy.bluebank.controllers.exceptions.ResourceExceptionHandler]
Caused by: org.springframework.context.annotation.ConflictingBeanDefinitionException: Annotation-specified bean name 'resourceExceptionHandler' for bean class [br.com.blueacademy.bluebank.exceptions.ResourceExceptionHandler] conflicts with existing, non-compatible bean definition of same name and class [br.com.blueacademy.bluebank.controllers.exceptions.ResourceExceptionHandler]

whenGETIsCalledWithIdThenOkStatusIsReturned  Time elapsed: 0 s  <<< ERROR!
java.lang.IllegalStateException: Failed to load ApplicationContext
Caused by: org.springframework.beans.factory.BeanDefinitionStoreException: Failed to parse configuration class [br.com.blueacademy.bluebank.BluebankApplication]; nested exception is org.springframework.context.annotation.ConflictingBeanDefinitionException: Annotation-specified bean name 'resourceExceptionHandler' for bean class [br.com.blueacademy.bluebank.exceptions.ResourceExceptionHandler] conflicts with existing, non-compatible bean definition of same name and class [br.com.blueacademy.bluebank.controllers.exceptions.ResourceExceptionHandler]
Caused by: org.springframework.context.annotation.ConflictingBeanDefinitionException: Annotation-specified bean name 'resourceExceptionHandler' for bean class [br.com.blueacademy.bluebank.exceptions.ResourceExceptionHandler] conflicts with existing, non-compatible bean definition of same name and class [br.com.blueacademy.bluebank.controllers.exceptions.ResourceExceptionHandler]

whenDELETEIsCalledWithInvalidIdThenNotFoundStatusIsReturned  Time elapsed: 0 s  <<< ERROR!
java.lang.IllegalStateException: Failed to load ApplicationContext
Caused by: org.springframework.beans.factory.BeanDefinitionStoreException: Failed to parse configuration class [br.com.blueacademy.bluebank.BluebankApplication]; nested exception is org.springframework.context.annotation.ConflictingBeanDefinitionException: Annotation-specified bean name 'resourceExceptionHandler' for bean class [br.com.blueacademy.bluebank.exceptions.ResourceExceptionHandler] conflicts with existing, non-compatible bean definition of same name and class [br.com.blueacademy.bluebank.controllers.exceptions.ResourceExceptionHandler]
Caused by: org.springframework.context.annotation.ConflictingBeanDefinitionException: Annotation-specified bean name 'resourceExceptionHandler' for bean class [br.com.blueacademy.bluebank.exceptions.ResourceExceptionHandler] conflicts with existing, non-compatible bean definition of same name and class [br.com.blueacademy.bluebank.controllers.exceptions.ResourceExceptionHandler]

whenGETIsCalledWithoutRegisteredClientThenNotFoundStatusIsReturned  Time elapsed: 0 s  <<< ERROR!
java.lang.IllegalStateException: Failed to load ApplicationContext
Caused by: org.springframework.beans.factory.BeanDefinitionStoreException: Failed to parse configuration class [br.com.blueacademy.bluebank.BluebankApplication]; nested exception is org.springframework.context.annotation.ConflictingBeanDefinitionException: Annotation-specified bean name 'resourceExceptionHandler' for bean class [br.com.blueacademy.bluebank.exceptions.ResourceExceptionHandler] conflicts with existing, non-compatible bean definition of same name and class [br.com.blueacademy.bluebank.controllers.exceptions.ResourceExceptionHandler]
Caused by: org.springframework.context.annotation.ConflictingBeanDefinitionException: Annotation-specified bean name 'resourceExceptionHandler' for bean class [br.com.blueacademy.bluebank.exceptions.ResourceExceptionHandler] conflicts with existing, non-compatible bean definition of same name and class [br.com.blueacademy.bluebank.controllers.exceptions.ResourceExceptionHandler]

